2025-12-25 19:40:54 - root - INFO - Используется токен из файла: 8336552276...
2025-12-25 19:40:54 - root - INFO - Создание экземпляра бота...
2025-12-25 19:40:54 - root - INFO - ==================================================
2025-12-25 19:40:54 - root - INFO - Инициализация Telegram бота для квизов
2025-12-25 19:40:54 - root - INFO - ==================================================
2025-12-25 19:40:54 - root - INFO - Инициализация компонентов бота...
2025-12-25 19:40:54 - root - INFO - Анализ архитектуры сохраненной модели...
2025-12-25 19:40:54 - root - INFO -    • embedding_dim: 128
2025-12-25 19:40:54 - root - INFO -    • hidden_dim: 256
2025-12-25 19:40:54 - root - INFO -    • num_layers: 2
2025-12-25 19:40:54 - root - INFO -    • output_dim: 9
2025-12-25 19:40:54 - root - INFO - Модель успешно загружена (полное соответствие)
2025-12-25 19:40:54 - root - INFO - Модель успешно инициализирована
2025-12-25 19:40:54 - root - INFO -    • Точность: 81.54%
2025-12-25 19:40:54 - root - INFO -    • Архитектура: BiLSTM x2 (hidden=256)
2025-12-25 19:40:54 - root - INFO -    • Словарь: 472 слов
2025-12-25 19:40:54 - root - INFO -    • Классы: 9
2025-12-25 19:40:54 - root - INFO - Тестовый прогноз выполнен успешно
2025-12-25 19:40:54 - root - INFO - Загружены вопросы из quiz_questions.json
2025-12-25 19:40:54 - root - INFO - QuizManager инициализирован. Загружено вопросов: легких=50, средних=50, сложных=50
2025-12-25 19:40:54 - root - INFO - Загружены интенты из extended_intents.json
2025-12-25 19:40:54 - root - INFO - Бот успешно инициализирован с нейросетью!
2025-12-25 19:40:54 - root - INFO - Инициализация бота завершена успешно
2025-12-25 19:40:54 - root - INFO - Запуск основного цикла бота...
2025-12-25 19:40:54 - root - INFO - ==================================================
2025-12-25 19:40:54 - root - INFO - Запуск бота...
2025-12-25 19:40:54 - root - INFO - ==================================================
2025-12-25 19:40:54 - root - INFO - Бот начал polling...
2025-12-25 19:42:29 - root - INFO - Новый пользователь: ID=946665825, username=TeenWolf
2025-12-25 19:43:05 - root - INFO - Сообщение от 946665825: Начнем
2025-12-25 19:43:05 - root - INFO - Предсказание: start_quiz (уверенность: 91.70%)
2025-12-25 19:43:06 - root - INFO - Намерение: start_quiz (уверенность: 91.70%, метод: neural)
2025-12-25 19:43:06 - root - INFO - Пользователь 946665825 начал процесс квиза
2025-12-25 19:43:16 - root - INFO - Сообщение от 946665825: Легкий
2025-12-25 19:43:16 - root - INFO - Предсказание: difficulty (уверенность: 49.60%)
2025-12-25 19:43:16 - root - INFO - Намерение: difficulty (уверенность: 49.60%, метод: neural)
2025-12-25 19:43:16 - root - INFO - Пользователь 946665825 начал квиз с уровнем: легкий
2025-12-25 19:43:16 - root - INFO - Для пользователя 946665825 подготовлено 5 вопросов уровня легкий
2025-12-25 19:43:25 - root - INFO - Пользователь 946665825 ответил на вопрос 1: правильно=True, выбрано=2, правильный=2, очки=5
2025-12-25 19:43:32 - root - INFO - Пользователь 946665825 ответил на вопрос 2: правильно=True, выбрано=2, правильный=2, очки=5
2025-12-25 19:43:42 - root - INFO - Пользователь 946665825 ответил на вопрос 3: правильно=True, выбрано=0, правильный=0, очки=5
2025-12-25 19:43:48 - root - INFO - Пользователь 946665825 ответил на вопрос 4: правильно=True, выбрано=2, правильный=2, очки=10
2025-12-25 19:43:53 - root - INFO - Пользователь 946665825 ответил на вопрос 5: правильно=True, выбрано=0, правильный=0, очки=10
2025-12-25 19:43:54 - root - INFO - Квиз завершен для пользователя 946665825: счет=35, правильно=5/5, точность=100.0%, уровень=легкий
2025-12-25 19:44:21 - root - INFO - Сообщение от 946665825: Уровни сложности
2025-12-25 19:44:22 - root - INFO - Предсказание: difficulty (уверенность: 73.92%)
2025-12-25 19:44:22 - root - INFO - Намерение: difficulty (уверенность: 73.92%, метод: neural)
2025-12-25 19:44:26 - root - INFO - Сообщение от 946665825: Помощь
2025-12-25 19:44:35 - root - INFO - Сообщение от 946665825: Статистика
2025-12-25 19:44:36 - root - INFO - Пользователь 946665825 запросил статистику: игр=1, лучший счет=35
2025-12-25 19:44:47 - root - INFO - Сообщение от 946665825: Ещё раз сыграть
2025-12-25 19:44:47 - root - INFO - Низкая уверенность (21.28%), используем keyword классификацию
2025-12-25 19:44:47 - root - INFO - Keyword классификация: start_quiz (оценка: 1)
2025-12-25 19:44:47 - root - INFO - Намерение: start_quiz (уверенность: 33.33%, метод: keyword)
2025-12-25 19:44:47 - root - INFO - Пользователь 946665825 начал процесс квиза
2025-12-25 19:44:55 - root - INFO - Сообщение от 946665825: Средний
2025-12-25 19:44:55 - root - INFO - Предсказание: difficulty (уверенность: 97.05%)
2025-12-25 19:44:55 - root - INFO - Намерение: difficulty (уверенность: 97.05%, метод: neural)
2025-12-25 19:44:55 - root - INFO - Пользователь 946665825 начал квиз с уровнем: средний
2025-12-25 19:44:55 - root - INFO - Для пользователя 946665825 подготовлено 5 вопросов уровня средний
2025-12-25 19:45:16 - root - INFO - Пользователь 946665825 ответил на вопрос 1: правильно=True, выбрано=3, правильный=3, очки=22
2025-12-25 19:45:21 - root - INFO - Пользователь 946665825 ответил на вопрос 2: правильно=True, выбрано=1, правильный=1, очки=22
2025-12-25 19:45:25 - root - INFO - Пользователь 946665825 ответил на вопрос 3: правильно=True, выбрано=1, правильный=1, очки=22
2025-12-25 19:46:04 - root - INFO - Пользователь 946665825 ответил на вопрос 4: правильно=False, выбрано=3, правильный=0, очки=0
2025-12-25 19:46:12 - root - INFO - Пользователь 946665825 ответил на вопрос 5: правильно=True, выбрано=0, правильный=0, очки=22
2025-12-25 19:46:13 - root - INFO - Квиз завершен для пользователя 946665825: счет=88, правильно=4/5, точность=80.0%, уровень=средний
2025-12-25 19:46:22 - root - INFO - Сообщение от 946665825: Покажи статистику
2025-12-25 19:46:22 - root - INFO - Предсказание: statistics (уверенность: 55.76%)
2025-12-25 19:46:22 - root - INFO - Намерение: statistics (уверенность: 55.76%, метод: neural)
2025-12-25 19:46:23 - root - INFO - Пользователь 946665825 запросил статистику: игр=2, лучший счет=88
2025-12-25 19:46:30 - root - INFO - Сообщение от 946665825: Ещё раз
2025-12-25 19:46:30 - root - INFO - Низкая уверенность (31.93%), используем keyword классификацию
2025-12-25 19:46:30 - root - INFO - Не удалось классифицировать, используется unknown
2025-12-25 19:46:30 - root - INFO - Намерение: unknown (уверенность: 0.00%, метод: keyword)
2025-12-25 19:46:39 - root - INFO - Сообщение от 946665825: Ещё сыграем
2025-12-25 19:46:39 - root - INFO - Предсказание: start_quiz (уверенность: 62.75%)
2025-12-25 19:46:39 - root - INFO - Намерение: start_quiz (уверенность: 62.75%, метод: neural)
2025-12-25 19:46:39 - root - INFO - Пользователь 946665825 начал процесс квиза
2025-12-25 19:46:55 - root - INFO - Сообщение от 946665825: Сложный
2025-12-25 19:46:55 - root - INFO - Предсказание: difficulty (уверенность: 59.74%)
2025-12-25 19:46:55 - root - INFO - Намерение: difficulty (уверенность: 59.74%, метод: neural)
2025-12-25 19:46:55 - root - INFO - Пользователь 946665825 начал квиз с уровнем: сложный
2025-12-25 19:46:55 - root - INFO - Для пользователя 946665825 подготовлено 5 вопросов уровня сложный
2025-12-25 19:47:00 - root - INFO - Пользователь 946665825 ответил на вопрос 1: правильно=True, выбрано=1, правильный=1, очки=40
2025-12-25 19:48:02 - root - INFO - Пользователь 946665825 ответил на вопрос 2: правильно=False, выбрано=2, правильный=1, очки=0
2025-12-25 19:48:50 - root - INFO - Пользователь 946665825 ответил на вопрос 3: правильно=False, выбрано=3, правильный=1, очки=0
2025-12-25 19:49:00 - root - INFO - Пользователь 946665825 ответил на вопрос 4: правильно=True, выбрано=0, правильный=0, очки=40
2025-12-25 19:49:10 - root - INFO - Пользователь 946665825 ответил на вопрос 5: правильно=True, выбрано=3, правильный=3, очки=40
2025-12-25 19:49:12 - root - INFO - Квиз завершен для пользователя 946665825: счет=120, правильно=3/5, точность=60.0%, уровень=сложный
