2025-12-25 19:42:29 - НОВЫЙ ПОЛЬЗОВАТЕЛЬ: ID=946665825, username=TeenWolf
2025-12-25 19:43:05 - СООБЩЕНИЕ: ID=946665825, text=Начнем
2025-12-25 19:43:06 - НАЧАЛО КВИЗА: ID=946665825
2025-12-25 19:43:16 - СООБЩЕНИЕ: ID=946665825, text=Легкий
2025-12-25 19:43:16 - СТАРТ КВИЗА: ID=946665825, уровень=легкий
2025-12-25 19:43:25 - ОТВЕТ: ID=946665825, вопрос=1, правильно=True, очки=5
2025-12-25 19:43:32 - ОТВЕТ: ID=946665825, вопрос=2, правильно=True, очки=5
2025-12-25 19:43:42 - ОТВЕТ: ID=946665825, вопрос=3, правильно=True, очки=5
2025-12-25 19:43:48 - ОТВЕТ: ID=946665825, вопрос=4, правильно=True, очки=10
2025-12-25 19:43:53 - ОТВЕТ: ID=946665825, вопрос=5, правильно=True, очки=10
2025-12-25 19:43:54 - ЗАВЕРШЕНИЕ КВИЗА: ID=946665825, счет=35, правильно=5/5, уровень=легкий
2025-12-25 19:44:22 - СООБЩЕНИЕ: ID=946665825, text=Уровни сложности
2025-12-25 19:44:26 - СООБЩЕНИЕ: ID=946665825, text=Помощь
2025-12-25 19:44:35 - СООБЩЕНИЕ: ID=946665825, text=Статистика
2025-12-25 19:44:47 - СООБЩЕНИЕ: ID=946665825, text=Ещё раз сыграть
2025-12-25 19:44:47 - НАЧАЛО КВИЗА: ID=946665825
2025-12-25 19:44:55 - СООБЩЕНИЕ: ID=946665825, text=Средний
2025-12-25 19:44:55 - СТАРТ КВИЗА: ID=946665825, уровень=средний
2025-12-25 19:45:16 - ОТВЕТ: ID=946665825, вопрос=1, правильно=True, очки=22
2025-12-25 19:45:21 - ОТВЕТ: ID=946665825, вопрос=2, правильно=True, очки=22
2025-12-25 19:45:25 - ОТВЕТ: ID=946665825, вопрос=3, правильно=True, очки=22
2025-12-25 19:46:04 - ОТВЕТ: ID=946665825, вопрос=4, правильно=False, очки=0
2025-12-25 19:46:12 - ОТВЕТ: ID=946665825, вопрос=5, правильно=True, очки=22
2025-12-25 19:46:13 - ЗАВЕРШЕНИЕ КВИЗА: ID=946665825, счет=88, правильно=4/5, уровень=средний
2025-12-25 19:46:22 - СООБЩЕНИЕ: ID=946665825, text=Покажи статистику
2025-12-25 19:46:30 - СООБЩЕНИЕ: ID=946665825, text=Ещё раз
2025-12-25 19:46:39 - СООБЩЕНИЕ: ID=946665825, text=Ещё сыграем
2025-12-25 19:46:39 - НАЧАЛО КВИЗА: ID=946665825
2025-12-25 19:46:55 - СООБЩЕНИЕ: ID=946665825, text=Сложный
2025-12-25 19:46:55 - СТАРТ КВИЗА: ID=946665825, уровень=сложный
2025-12-25 19:47:00 - ОТВЕТ: ID=946665825, вопрос=1, правильно=True, очки=40
2025-12-25 19:48:02 - ОТВЕТ: ID=946665825, вопрос=2, правильно=False, очки=0
2025-12-25 19:48:50 - ОТВЕТ: ID=946665825, вопрос=3, правильно=False, очки=0
2025-12-25 19:49:00 - ОТВЕТ: ID=946665825, вопрос=4, правильно=True, очки=40
2025-12-25 19:49:10 - ОТВЕТ: ID=946665825, вопрос=5, правильно=True, очки=40
2025-12-25 19:49:12 - ЗАВЕРШЕНИЕ КВИЗА: ID=946665825, счет=120, правильно=3/5, уровень=сложный
